<?xml version="1.0" encoding="UTF-8"?>
<!-- Generated by org.testng.reporters.JUnitReportReporter -->
<testsuite hostname="Mahima-Dell" failures="0" tests="5" name="test.LoanTest" time="0.011" errors="0" timestamp="2022-09-03T20:54:37 PDT" skipped="1">
  <testcase classname="test.LoanTest" name="PersonalLoan1" time="0.001"/>
  <system-out/>
  <testcase classname="test.LoanTest" name="BusinessLoan" time="0.005"/>
  <system-out/>
  <testcase classname="test.LoanTest" name="HomeLoanTest" time="0.002"/>
  <system-out/>
  <testcase classname="test.LoanTest" name="PersonalLoan" time="0.003"/>
  <system-out/>
  <testcase classname="test.LoanTest" name="CarLoan">
    <skipped/>
  </testcase> <!-- CarLoan -->
  <system-out/>
</testsuite> <!-- test.LoanTest -->
