<?xml version="1.0" encoding="UTF-8"?>
<!-- Generated by org.testng.reporters.JUnitReportReporter -->
<testsuite hostname="Mahima-Dell" failures="0" tests="1" name="test.CardTest" time="0.002" errors="0" timestamp="2022-09-03T00:29:22 PDT" skipped="0">
  <testcase classname="test.CardTest" name="CreditCardTest" time="0.002"/>
  <system-out/>
</testsuite> <!-- test.CardTest -->
