<?xml version="1.0" encoding="UTF-8"?>
<!-- Generated by org.testng.reporters.JUnitReportReporter -->
<testsuite hostname="Mahima-Dell" failures="0" tests="3" name="test.LoanTest" time="0.012" errors="0" timestamp="2022-09-03T00:29:22 PDT" skipped="0">
  <testcase classname="test.LoanTest" name="PersonalLoan" time="0.002"/>
  <system-out/>
  <testcase classname="test.LoanTest" name="CarLoan" time="0.009"/>
  <system-out/>
  <testcase classname="test.LoanTest" name="PersonalLoan1" time="0.001"/>
  <system-out/>
</testsuite> <!-- test.LoanTest -->
